\BOOKMARK [0][-]{chapter*.1}{\376\377\000C\000E\000R\000T\000I\000F\000I\000C\000A\000C\000I\000O\000N\000E\000S}{}% 1
\BOOKMARK [0][-]{chapter*.2}{\376\377\000D\000E\000C\000L\000A\000R\000A\000C\000I\000\323\000N\000\040\000D\000E\000\040\000A\000U\000T\000O\000R\000\315\000A}{}% 2
\BOOKMARK [0][-]{chapter*.3}{\376\377\000D\000E\000D\000I\000C\000A\000T\000O\000R\000I\000A}{}% 3
\BOOKMARK [0][-]{chapter*.4}{\376\377\000A\000G\000R\000A\000D\000E\000C\000I\000M\000I\000E\000N\000T\000O\000S}{}% 4
\BOOKMARK [0][-]{section*.5}{\376\377\000\315\000N\000D\000I\000C\000E\000\040\000D\000E\000\040\000C\000O\000N\000T\000E\000N\000I\000D\000O}{}% 5
\BOOKMARK [0][-]{chapter*.6}{\376\377\000R\000E\000S\000U\000M\000E\000N}{}% 6
\BOOKMARK [0][-]{chapter*.7}{\376\377\000A\000B\000S\000T\000R\000A\000C\000T}{}% 7
\BOOKMARK [0][-]{chapter.1}{\376\377\000D\000E\000S\000C\000R\000I\000P\000C\000I\000\323\000N\000\040\000D\000E\000L\000\040\000C\000O\000M\000P\000O\000N\000E\000N\000T\000E}{}% 8
\BOOKMARK [1][-]{section.1.1}{\376\377\000O\000b\000j\000e\000t\000i\000v\000o\000\040\000g\000e\000n\000e\000r\000a\000l}{chapter.1}% 9
\BOOKMARK [1][-]{section.1.2}{\376\377\000O\000b\000j\000e\000t\000i\000v\000o\000s\000\040\000e\000s\000p\000e\000c\000\355\000f\000i\000c\000o\000s}{chapter.1}% 10
\BOOKMARK [1][-]{section.1.3}{\376\377\000A\000l\000c\000a\000n\000c\000e\000\040\000d\000e\000l\000\040\000c\000o\000m\000p\000o\000n\000e\000n\000t\000e}{chapter.1}% 11
\BOOKMARK [1][-]{section.1.4}{\376\377\000M\000a\000r\000c\000o\000\040\000t\000e\000\363\000r\000i\000c\000o}{chapter.1}% 12
\BOOKMARK [2][-]{subsection.1.4.1}{\376\377\000A\000p\000r\000e\000n\000d\000i\000z\000a\000j\000e\000\040\000a\000d\000a\000p\000t\000a\000t\000i\000v\000o}{section.1.4}% 13
\BOOKMARK [2][-]{subsection.1.4.2}{\376\377\000T\000e\000o\000r\000\355\000a\000\040\000d\000e\000\040\000R\000e\000s\000p\000u\000e\000s\000t\000a\000\040\000a\000l\000\040\000\315\000t\000e\000m\000\040\000\050\000I\000R\000T\000\051}{section.1.4}% 14
\BOOKMARK [2][-]{subsection.1.4.3}{\376\377\000S\000i\000s\000t\000e\000m\000a\000s\000\040\000d\000e\000\040\000T\000u\000t\000o\000r\000\355\000a\000\040\000I\000n\000t\000e\000l\000i\000g\000e\000n\000t\000e\000\040\000\050\000I\000T\000S\000\051}{section.1.4}% 15
\BOOKMARK [2][-]{subsection.1.4.4}{\376\377\000A\000l\000g\000o\000r\000i\000t\000m\000o\000s\000\040\000d\000e\000\040\000s\000e\000l\000e\000c\000c\000i\000\363\000n\000\040\000a\000d\000a\000p\000t\000a\000t\000i\000v\000a}{section.1.4}% 16
\BOOKMARK [2][-]{subsection.1.4.5}{\376\377\000M\000\351\000t\000r\000i\000c\000a\000s\000\040\000d\000e\000\040\000d\000e\000s\000e\000m\000p\000e\000\361\000o\000\040\000e\000n\000\040\000s\000i\000s\000t\000e\000m\000a\000s\000\040\000a\000d\000a\000p\000t\000a\000t\000i\000v\000o\000s}{section.1.4}% 17
\BOOKMARK [2][-]{subsection.1.4.6}{\376\377\000T\000a\000b\000l\000a\000\040\000d\000e\000\040\000h\000e\000r\000r\000a\000m\000i\000e\000n\000t\000a\000s\000\040\000y\000\040\000t\000e\000c\000n\000o\000l\000o\000g\000\355\000a\000s}{section.1.4}% 18
\BOOKMARK [0][-]{chapter.2}{\376\377\000M\000E\000T\000O\000D\000O\000L\000O\000G\000\315\000A}{}% 19
\BOOKMARK [1][-]{section.2.1}{\376\377\000E\000n\000f\000o\000q\000u\000e\000\040\000y\000\040\000d\000i\000s\000e\000\361\000o\000\040\000d\000e\000\040\000l\000a\000\040\000i\000n\000v\000e\000s\000t\000i\000g\000a\000c\000i\000\363\000n}{chapter.2}% 20
\BOOKMARK [2][-]{subsection.2.1.1}{\376\377\000A\000r\000q\000u\000i\000t\000e\000c\000t\000u\000r\000a\000\040\000e\000x\000p\000e\000r\000i\000m\000e\000n\000t\000a\000l\000\040\000y\000\040\000e\000s\000t\000r\000a\000t\000e\000g\000i\000a\000\040\000d\000e\000\040\000s\000i\000m\000u\000l\000a\000c\000i\000\363\000n}{section.2.1}% 21
\BOOKMARK [1][-]{section.2.2}{\376\377\000T\000i\000p\000o\000\040\000y\000\040\000d\000i\000s\000e\000\361\000o\000\040\000d\000e\000\040\000l\000a\000\040\000i\000n\000v\000e\000s\000t\000i\000g\000a\000c\000i\000\363\000n}{chapter.2}% 22
\BOOKMARK [2][-]{subsection.2.2.1}{\376\377\000D\000i\000s\000e\000\361\000o\000\040\000e\000x\000p\000e\000r\000i\000m\000e\000n\000t\000a\000l\000\040\000b\000a\000s\000a\000d\000o\000\040\000e\000n\000\040\000s\000i\000m\000u\000l\000a\000c\000i\000\363\000n}{section.2.2}% 23
\BOOKMARK [1][-]{section.2.3}{\376\377\000M\000\351\000t\000o\000d\000o\000\040\000d\000e\000\040\000i\000n\000v\000e\000s\000t\000i\000g\000a\000c\000i\000\363\000n}{chapter.2}% 24
\BOOKMARK [1][-]{section.2.4}{\376\377\000L\000e\000v\000a\000n\000t\000a\000m\000i\000e\000n\000t\000o\000\040\000d\000e\000\040\000i\000n\000f\000o\000r\000m\000a\000c\000i\000\363\000n}{chapter.2}% 25
\BOOKMARK [2][-]{subsection.2.4.1}{\376\377\000S\000i\000m\000u\000l\000a\000c\000i\000\363\000n\000\040\000e\000s\000t\000o\000c\000\341\000s\000t\000i\000c\000a\000\040\000d\000e\000\040\000e\000s\000t\000u\000d\000i\000a\000n\000t\000e\000s\000\040\000v\000i\000r\000t\000u\000a\000l\000e\000s}{section.2.4}% 26
\BOOKMARK [2][-]{subsection.2.4.2}{\376\377\000S\000i\000s\000t\000e\000m\000a\000\040\000d\000e\000\040\000r\000e\000g\000i\000s\000t\000r\000o\000\040\000y\000\040\000t\000e\000l\000e\000m\000e\000t\000r\000\355\000a\000\040\000a\000u\000t\000o\000m\000\341\000t\000i\000c\000a}{section.2.4}% 27
\BOOKMARK [2][-]{subsection.2.4.3}{\376\377\000P\000r\000u\000e\000b\000a\000s\000\040\000d\000e\000\040\000c\000a\000r\000g\000a\000\040\000y\000\040\000c\000o\000n\000c\000u\000r\000r\000e\000n\000c\000i\000a}{section.2.4}% 28
\BOOKMARK [2][-]{subsection.2.4.4}{\376\377\000S\000\355\000n\000t\000e\000s\000i\000s\000\040\000d\000e\000\040\000l\000a\000s\000\040\000t\000\351\000c\000n\000i\000c\000a\000s\000\040\000e\000m\000p\000l\000e\000a\000d\000a\000s}{section.2.4}% 29
\BOOKMARK [1][-]{section.2.5}{\376\377\000P\000o\000b\000l\000a\000c\000i\000\363\000n\000\040\000y\000\040\000M\000u\000e\000s\000t\000r\000a}{chapter.2}% 30
\BOOKMARK [2][-]{subsection.2.5.1}{\376\377\000P\000o\000b\000l\000a\000c\000i\000\363\000n\000\040\000o\000b\000j\000e\000t\000i\000v\000o}{section.2.5}% 31
\BOOKMARK [2][-]{subsection.2.5.2}{\376\377\000M\000u\000e\000s\000t\000r\000a\000\040\000d\000e\000\040\000v\000a\000l\000i\000d\000a\000c\000i\000\363\000n}{section.2.5}% 32
\BOOKMARK [2][-]{subsection.2.5.3}{\376\377\000B\000a\000n\000c\000o\000\040\000d\000e\000\040\000\355\000t\000e\000m\000s}{section.2.5}% 33
\BOOKMARK [2][-]{subsection.2.5.4}{\376\377\000J\000u\000s\000t\000i\000f\000i\000c\000a\000c\000i\000\363\000n\000\040\000d\000e\000l\000\040\000t\000a\000m\000a\000\361\000o\000\040\000m\000u\000e\000s\000t\000r\000a\000l}{section.2.5}% 34
\BOOKMARK [1][-]{section.2.6}{\376\377\000V\000a\000r\000i\000a\000b\000l\000e\000s\000\040\000d\000e\000\040\000l\000a\000\040\000I\000n\000v\000e\000s\000t\000i\000g\000a\000c\000i\000\363\000n}{chapter.2}% 35
\BOOKMARK [1][-]{section.2.7}{\376\377\000M\000a\000r\000c\000o\000\040\000m\000e\000t\000o\000d\000o\000l\000\363\000g\000i\000c\000o\000\040\000d\000e\000\040\000d\000e\000s\000a\000r\000r\000o\000l\000l\000o}{chapter.2}% 36
\BOOKMARK [2][-]{subsection.2.7.1}{\376\377\000J\000u\000s\000t\000i\000f\000i\000c\000a\000c\000i\000\363\000n\000\040\000d\000e\000\040\000l\000a\000\040\000e\000l\000e\000c\000c\000i\000\363\000n\000\040\000m\000e\000t\000o\000d\000o\000l\000\363\000g\000i\000c\000a}{section.2.7}% 37
\BOOKMARK [2][-]{subsection.2.7.2}{\376\377\000E\000s\000t\000r\000u\000c\000t\000u\000r\000a\000\040\000y\000\040\000o\000r\000g\000a\000n\000i\000z\000a\000c\000i\000\363\000n\000\040\000d\000e\000\040\000l\000o\000s\000\040\000s\000p\000r\000i\000n\000t\000s}{section.2.7}% 38
\BOOKMARK [2][-]{subsection.2.7.3}{\376\377\000A\000d\000a\000p\000t\000a\000c\000i\000\363\000n\000\040\000a\000l\000\040\000c\000o\000n\000t\000e\000x\000t\000o\000\040\000a\000c\000a\000d\000\351\000m\000i\000c\000o}{section.2.7}% 39
\BOOKMARK [2][-]{subsection.2.7.4}{\376\377\000P\000l\000a\000n\000i\000f\000i\000c\000a\000c\000i\000\363\000n\000\040\000p\000r\000o\000g\000r\000e\000s\000i\000v\000a\000\040\000y\000\040\000m\000e\000j\000o\000r\000a\000\040\000c\000o\000n\000t\000i\000n\000u\000a}{section.2.7}% 40
\BOOKMARK [2][-]{subsection.2.7.5}{\376\377\000R\000e\000s\000u\000l\000t\000a\000d\000o\000s\000\040\000d\000e\000\040\000l\000a\000\040\000a\000p\000l\000i\000c\000a\000c\000i\000\363\000n\000\040\000d\000e\000\040\000S\000C\000R\000U\000M}{section.2.7}% 41
\BOOKMARK [1][-]{section.2.8}{\376\377\000A\000c\000t\000i\000v\000i\000d\000a\000d\000e\000s\000\040\000y\000\040\000p\000r\000o\000d\000u\000c\000t\000o\000s\000\040\000d\000e\000l\000\040\000p\000r\000o\000y\000e\000c\000t\000o}{chapter.2}% 42
\BOOKMARK [1][-]{section.2.9}{\376\377\000T\000\351\000c\000n\000i\000c\000a\000s\000\040\000d\000e\000\040\000A\000n\000\341\000l\000i\000s\000i\000s\000\040\000d\000e\000\040\000l\000a\000\040\000I\000n\000f\000o\000r\000m\000a\000c\000i\000\363\000n}{chapter.2}% 43
\BOOKMARK [2][-]{subsection.2.9.1}{\376\377\000H\000e\000r\000r\000a\000m\000i\000e\000n\000t\000a\000s\000\040\000y\000\040\000r\000e\000p\000r\000o\000d\000u\000c\000i\000b\000i\000l\000i\000d\000a\000d\000\040\000d\000e\000l\000\040\000a\000n\000\341\000l\000i\000s\000i\000s}{section.2.9}% 44
\BOOKMARK [1][-]{section.2.10}{\376\377\000C\000r\000i\000t\000e\000r\000i\000o\000s\000\040\000d\000e\000\040\000V\000a\000l\000i\000d\000a\000c\000i\000\363\000n\000\040\000y\000\040\000A\000c\000e\000p\000t\000a\000c\000i\000\363\000n}{chapter.2}% 45
\BOOKMARK [2][-]{subsection.2.10.1}{\376\377\000S\000\355\000n\000t\000e\000s\000i\000s\000\040\000e\000\040\000i\000n\000t\000e\000r\000p\000r\000e\000t\000a\000c\000i\000\363\000n\000\040\000d\000e\000\040\000l\000o\000s\000\040\000c\000r\000i\000t\000e\000r\000i\000o\000s}{section.2.10}% 46
\BOOKMARK [0][-]{chapter.3}{\376\377\000R\000E\000S\000U\000L\000T\000A\000D\000O\000S\000,\000\040\000C\000O\000N\000C\000L\000U\000S\000I\000O\000N\000E\000S\000\040\000y\000\040\000R\000E\000C\000O\000M\000E\000N\000D\000A\000C\000I\000O\000N\000E\000S}{}% 47
\BOOKMARK [1][-]{section.3.1}{\376\377\000R\000e\000s\000u\000l\000t\000a\000d\000o\000s}{chapter.3}% 48
\BOOKMARK [2][-]{subsection.3.1.1}{\376\377\000V\000o\000l\000u\000m\000e\000n\000\040\000d\000e\000\040\000D\000a\000t\000o\000s\000\040\000G\000e\000n\000e\000r\000a\000d\000o\000s}{section.3.1}% 49
\BOOKMARK [2][-]{subsection.3.1.2}{\376\377\000B\000a\000n\000c\000o\000\040\000d\000e\000\040\000\315\000t\000e\000m\000s\000\040\000u\000t\000i\000l\000i\000z\000a\000d\000o}{section.3.1}% 50
\BOOKMARK [2][-]{subsection.3.1.3}{\376\377\000P\000r\000e\000c\000i\000s\000i\000\363\000n\000\040\000D\000i\000a\000g\000n\000\363\000s\000t\000i\000c\000a}{section.3.1}% 51
\BOOKMARK [2][-]{subsection.3.1.4}{\376\377\000M\000e\000c\000a\000n\000i\000s\000m\000o\000s\000\040\000d\000e\000\040\000P\000a\000r\000a\000d\000a\000\040\000y\000\040\000D\000e\000t\000e\000r\000m\000i\000n\000i\000s\000m\000o}{section.3.1}% 52
\BOOKMARK [2][-]{subsection.3.1.5}{\376\377\000R\000e\000n\000d\000i\000m\000i\000e\000n\000t\000o\000\040\000C\000o\000m\000p\000u\000t\000a\000c\000i\000o\000n\000a\000l\000\040\000y\000\040\000E\000s\000c\000a\000l\000a\000b\000i\000l\000i\000d\000a\000d}{section.3.1}% 53
\BOOKMARK [1][-]{section.3.2}{\376\377\000C\000o\000n\000c\000l\000u\000s\000i\000o\000n\000e\000s}{chapter.3}% 54
\BOOKMARK [1][-]{section.3.3}{\376\377\000R\000e\000c\000o\000m\000e\000n\000d\000a\000c\000i\000o\000n\000e\000s}{chapter.3}% 55
\BOOKMARK [0][-]{chapter.4}{\376\377\000R\000e\000f\000e\000r\000e\000n\000c\000i\000a\000s\000\040\000B\000i\000b\000l\000i\000o\000g\000r\000\341\000f\000i\000c\000a\000s}{}% 56
\BOOKMARK [0][-]{chapter.5}{\376\377\000A\000N\000E\000X\000O\000S}{}% 57
\BOOKMARK [1][-]{section*.32}{\376\377\000A\000N\000E\000X\000O\000\040\000I\000:\000\040\000A\000p\000l\000i\000c\000a\000c\000i\000\363\000n\000\040\000M\000\363\000v\000i\000l}{chapter.5}% 58
\BOOKMARK [1][-]{section*.33}{\376\377\000A\000N\000E\000X\000O\000\040\000I\000I\000:\000\040\000A\000p\000l\000i\000c\000a\000c\000i\000\363\000n\000\040\000W\000e\000b}{chapter.5}% 59
\BOOKMARK [1][-]{section*.34}{\376\377\000A\000N\000E\000X\000O\000\040\000I\000I\000I\000:\000\040\000P\000\341\000g\000i\000n\000a\000\040\000W\000e\000b}{chapter.5}% 60
